<?xml version="1.0" encoding="UTF-8"?>
<!-- Generated by org.testng.reporters.JUnitReportReporter -->
<testsuite hostname="ankitasrivastavcars24com.local" failures="0" tests="1" name="Phase3Project.EmployeeEndToEndTest" time="1.622" errors="0" timestamp="21 Jul 2023 20:50:06 GMT" skipped="0">
  <testcase classname="Phase3Project.EmployeeEndToEndTest" name="testEndToEnd" time="1.622"/>
</testsuite> <!-- Phase3Project.EmployeeEndToEndTest -->
